--------------------------------------------------------------------------
By default, for Open MPI 4.0 and later, infiniband ports on a device
are not used by default.  The intent is to use UCX for these devices.
You can override this policy by setting the btl_openib_allow_ib MCA parameter
to true.

  Local host:              t006
  Local adapter:           mlx5_0
  Local port:              1

--------------------------------------------------------------------------
--------------------------------------------------------------------------
WARNING: There was an error initializing an OpenFabrics device.

  Local host:   t006
  Local device: mlx5_0
--------------------------------------------------------------------------
Number of processes (intervals) = 6
Interval Length: 1.047198
Minimum Radius: 0.989499
Total Number of nodes: 36461
Process 0 is starting with 6262 nodes... start angle 0.000000 and end angle 1.047198
Process 1 is starting with 6262 nodes... start angle 1.047198 and end angle 2.094395
Process 2 is starting with 6262 nodes... start angle 2.094395 and end angle 3.141593
Process 3 is starting with 6262 nodes... start angle 3.141593 and end angle 4.188790
Process 4 is starting with 6262 nodes... start angle 4.188790 and end angle 5.235988
Process 5 is starting with 6262 nodes... start angle 5.235988 and end angle 6.283185
Process: 0, Computation Time: 1.800000, result: 272161.879595
Total Integration Result: 544407.773854
Total Integration Error: 0.000056
Maximum Computation Time: 1.960000

Process: 1, Computation Time: 1.860000, result: 13.902310
Process: 2, Computation Time: 1.940000, result: 18.998443
Process: 3, Computation Time: 1.770000, result: 30.431189
Process: 4, Computation Time: 1.950000, result: 9.347816
Process: 5, Computation Time: 1.960000, result: 272173.214500
Wall Time: 2.000000

[t006:438147] 5 more processes have sent help message help-mpi-btl-openib.txt / ib port not selected
[t006:438147] Set MCA parameter "orte_base_help_aggregate" to 0 to see all help / error messages
[t006:438147] 5 more processes have sent help message help-mpi-btl-openib.txt / error in device init
