--------------------------------------------------------------------------
By default, for Open MPI 4.0 and later, infiniband ports on a device
are not used by default.  The intent is to use UCX for these devices.
You can override this policy by setting the btl_openib_allow_ib MCA parameter
to true.

  Local host:              t021
  Local adapter:           mlx5_0
  Local port:              1

--------------------------------------------------------------------------
--------------------------------------------------------------------------
WARNING: There was an error initializing an OpenFabrics device.

  Local host:   t021
  Local device: mlx5_0
--------------------------------------------------------------------------
[t021:144234] 19 more processes have sent help message help-mpi-btl-openib.txt / ib port not selected
[t021:144234] Set MCA parameter "orte_base_help_aggregate" to 0 to see all help / error messages
[t021:144234] 19 more processes have sent help message help-mpi-btl-openib.txt / error in device init
Number of processes (intervals) = 20
Interval Length: 0.314159
Minimum Radius: 0.989499
Total Number of nodes: 36461
Process 0 is starting with 2020 nodes... start angle 0.000000 and end angle 0.314159
Process 1 is starting with 2020 nodes... start angle 0.314159 and end angle 0.628319
Process 2 is starting with 2020 nodes... start angle 0.628319 and end angle 0.942478
Process 3 is starting with 2020 nodes... start angle 0.942478 and end angle 1.256637
Process 4 is starting with 2020 nodes... start angle 1.256637 and end angle 1.570796
Process 5 is starting with 2020 nodes... start angle 1.570796 and end angle 1.884956
Process 6 is starting with 2020 nodes... start angle 1.884956 and end angle 2.199115
Process 7 is starting with 2020 nodes... start angle 2.199115 and end angle 2.513274
Process 8 is starting with 2020 nodes... start angle 2.513274 and end angle 2.827433
Process 9 is starting with 2020 nodes... start angle 2.827433 and end angle 3.141593
Process 10 is starting with 2020 nodes... start angle 3.141593 and end angle 3.455752
Process 11 is starting with 2020 nodes... start angle 3.455752 and end angle 3.769911
Process 12 is starting with 2020 nodes... start angle 3.769911 and end angle 4.084070
Process 13 is starting with 2020 nodes... start angle 4.084070 and end angle 4.398230
Process 14 is starting with 2020 nodes... start angle 4.398230 and end angle 4.712389
Process 15 is starting with 2020 nodes... start angle 4.712389 and end angle 5.026548
Process 16 is starting with 2020 nodes... start angle 5.026548 and end angle 5.340708
Process 17 is starting with 2020 nodes... start angle 5.340708 and end angle 5.654867
Process 18 is starting with 2020 nodes... start angle 5.654867 and end angle 5.969026
Process 19 is starting with 2020 nodes... start angle 5.969026 and end angle 6.283185
Process: 0, Computation Time: 0.540000, result: 272157.212233
Total Integration Result: 544370.661986
Total Integration Error: 0.000015
Maximum Computation Time: 0.740000

Process: 1, Computation Time: 0.580000, result: -18.568158
Process: 2, Computation Time: 0.580000, result: -4.218309
Process: 3, Computation Time: 0.590000, result: -1.253876
Process: 4, Computation Time: 0.580000, result: 7.944945
Process: 5, Computation Time: 0.700000, result: -4.825283
Process: 6, Computation Time: 0.600000, result: -64.699255
Process: 7, Computation Time: 0.610000, result: 5.986402
Process: 8, Computation Time: 0.630000, result: 68.856074
Process: 9, Computation Time: 0.640000, result: -0.454103
Process: 10, Computation Time: 0.720000, result: -30.001712
Process: 11, Computation Time: 0.640000, result: 13.098510
Process: 12, Computation Time: 0.630000, result: 7.510187
Process: 13, Computation Time: 0.630000, result: 12.789873
Process: 14, Computation Time: 0.640000, result: 2.353745
Process: 15, Computation Time: 0.740000, result: 4.569050
Process: 16, Computation Time: 0.600000, result: -2.249868
Process: 17, Computation Time: 0.610000, result: 51.407834
Process: 18, Computation Time: 0.620000, result: 5.601052
Process: 19, Computation Time: 0.650000, result: 272159.602646
Wall Time: 0.860000

