--------------------------------------------------------------------------
By default, for Open MPI 4.0 and later, infiniband ports on a device
are not used by default.  The intent is to use UCX for these devices.
You can override this policy by setting the btl_openib_allow_ib MCA parameter
to true.

  Local host:              t006
  Local adapter:           mlx5_0
  Local port:              1

--------------------------------------------------------------------------
--------------------------------------------------------------------------
WARNING: There was an error initializing an OpenFabrics device.

  Local host:   t006
  Local device: mlx5_0
--------------------------------------------------------------------------
Number of processes (intervals) = 7
Interval Length: 0.897598
Minimum Radius: 0.989499
Total Number of nodes: 36461
Process 0 is starting with 5353 nodes... start angle 0.000000 and end angle 0.897598
Process 1 is starting with 5353 nodes... start angle 0.897598 and end angle 1.795196
Process 2 is starting with 5353 nodes... start angle 1.795196 and end angle 2.692794
Process 3 is starting with 5353 nodes... start angle 2.692794 and end angle 3.590392
Process 4 is starting with 5353 nodes... start angle 3.590392 and end angle 4.487990
Process 5 is starting with 5353 nodes... start angle 4.487990 and end angle 5.385587
Process 6 is starting with 5353 nodes... start angle 5.385587 and end angle 6.283185
Process: 0, Computation Time: 1.520000, result: 272129.335735
Total Integration Result: 544362.634064
Total Integration Error: 0.000066
Maximum Computation Time: 1.730000

Process: 1, Computation Time: 1.640000, result: 8.635815
Process: 2, Computation Time: 1.670000, result: 8.581237
Process: 3, Computation Time: 1.690000, result: 27.703838
Process: 4, Computation Time: 1.670000, result: 0.565855
Process: 5, Computation Time: 1.730000, result: 11.683888
Process: 6, Computation Time: 1.660000, result: 272176.127695
Wall Time: 1.770000

[t006:438166] 6 more processes have sent help message help-mpi-btl-openib.txt / ib port not selected
[t006:438166] Set MCA parameter "orte_base_help_aggregate" to 0 to see all help / error messages
[t006:438166] 6 more processes have sent help message help-mpi-btl-openib.txt / error in device init
