--------------------------------------------------------------------------
By default, for Open MPI 4.0 and later, infiniband ports on a device
are not used by default.  The intent is to use UCX for these devices.
You can override this policy by setting the btl_openib_allow_ib MCA parameter
to true.

  Local host:              t093
  Local adapter:           mlx5_0
  Local port:              1

--------------------------------------------------------------------------
--------------------------------------------------------------------------
WARNING: There was an error initializing an OpenFabrics device.

  Local host:   t093
  Local device: mlx5_0
--------------------------------------------------------------------------
Number of processes (intervals) = 8
Interval Length: 0.785398
Minimum Radius: 0.989499
Total Number of nodes: 14645
Process 0 is starting with 2020 nodes... start angle 0.000000 and end angle 0.785398
Process 1 is starting with 2020 nodes... start angle 0.785398 and end angle 1.570796
Process 2 is starting with 2020 nodes... start angle 1.570796 and end angle 2.356194
Process 3 is starting with 2020 nodes... start angle 2.356194 and end angle 3.141593
Process 4 is starting with 2020 nodes... start angle 3.141593 and end angle 3.926991
Process 5 is starting with 2020 nodes... start angle 3.926991 and end angle 4.712389
Process 6 is starting with 2020 nodes... start angle 4.712389 and end angle 5.497787
Process 7 is starting with 2020 nodes... start angle 5.497787 and end angle 6.283185
Process: 0, Computation Time: 0.710000, result: 272191.429803
Total Integration Result: 544412.270623
Total Integration Error: 0.001523
Maximum Computation Time: 0.910000

Process: 1, Computation Time: 0.760000, result: -3.464583
Process: 2, Computation Time: 0.880000, result: 13.632286
Process: 3, Computation Time: 0.800000, result: 15.800390
Process: 4, Computation Time: 0.860000, result: 9.413165
Process: 5, Computation Time: 0.820000, result: 5.750054
Process: 6, Computation Time: 0.910000, result: -11.918898
Process: 7, Computation Time: 0.820000, result: 272191.628407
Wall Time: 0.950000

[t093:452895] 7 more processes have sent help message help-mpi-btl-openib.txt / ib port not selected
[t093:452895] Set MCA parameter "orte_base_help_aggregate" to 0 to see all help / error messages
[t093:452895] 7 more processes have sent help message help-mpi-btl-openib.txt / error in device init
