--------------------------------------------------------------------------
By default, for Open MPI 4.0 and later, infiniband ports on a device
are not used by default.  The intent is to use UCX for these devices.
You can override this policy by setting the btl_openib_allow_ib MCA parameter
to true.

  Local host:              t093
  Local adapter:           mlx5_0
  Local port:              1

--------------------------------------------------------------------------
--------------------------------------------------------------------------
WARNING: There was an error initializing an OpenFabrics device.

  Local host:   t093
  Local device: mlx5_0
--------------------------------------------------------------------------
Number of processes (intervals) = 4
Interval Length: 1.570796
Minimum Radius: 0.989499
Total Number of nodes: 7373
Process 0 is starting with 2020 nodes... start angle 0.000000 and end angle 1.570796
Process 1 is starting with 2020 nodes... start angle 1.570796 and end angle 3.141593
Process 2 is starting with 2020 nodes... start angle 3.141593 and end angle 4.712389
Process 3 is starting with 2020 nodes... start angle 4.712389 and end angle 6.283185
Process: 0, Computation Time: 1.000000, result: 272180.872518
Total Integration Result: 544392.727795
Total Integration Error: 0.001523
Maximum Computation Time: 1.240000

Process: 1, Computation Time: 1.180000, result: 0.654113
Process: 2, Computation Time: 1.160000, result: 20.857118
Process: 3, Computation Time: 1.240000, result: 272190.344046
Wall Time: 1.270000

[t093:452536] 3 more processes have sent help message help-mpi-btl-openib.txt / ib port not selected
[t093:452536] Set MCA parameter "orte_base_help_aggregate" to 0 to see all help / error messages
[t093:452536] 3 more processes have sent help message help-mpi-btl-openib.txt / error in device init
