--------------------------------------------------------------------------
By default, for Open MPI 4.0 and later, infiniband ports on a device
are not used by default.  The intent is to use UCX for these devices.
You can override this policy by setting the btl_openib_allow_ib MCA parameter
to true.

  Local host:              t093
  Local adapter:           mlx5_0
  Local port:              1

--------------------------------------------------------------------------
--------------------------------------------------------------------------
WARNING: There was an error initializing an OpenFabrics device.

  Local host:   t093
  Local device: mlx5_0
--------------------------------------------------------------------------
Number of processes (intervals) = 16
Interval Length: 0.392699
Minimum Radius: 0.989499
Total Number of nodes: 29189
Process 0 is starting with 2020 nodes... start angle 0.000000 and end angle 0.392699
Process 1 is starting with 2020 nodes... start angle 0.392699 and end angle 0.785398
Process 2 is starting with 2020 nodes... start angle 0.785398 and end angle 1.178097
Process 3 is starting with 2020 nodes... start angle 1.178097 and end angle 1.570796
Process 4 is starting with 2020 nodes... start angle 1.570796 and end angle 1.963495
Process 5 is starting with 2020 nodes... start angle 1.963495 and end angle 2.356194
Process 6 is starting with 2020 nodes... start angle 2.356194 and end angle 2.748894
Process 7 is starting with 2020 nodes... start angle 2.748894 and end angle 3.141593
Process 8 is starting with 2020 nodes... start angle 3.141593 and end angle 3.534292
Process 9 is starting with 2020 nodes... start angle 3.534292 and end angle 3.926991
Process 10 is starting with 2020 nodes... start angle 3.926991 and end angle 4.319690
Process 11 is starting with 2020 nodes... start angle 4.319690 and end angle 4.712389
Process 12 is starting with 2020 nodes... start angle 4.712389 and end angle 5.105088
Process 13 is starting with 2020 nodes... start angle 5.105088 and end angle 5.497787
Process 14 is starting with 2020 nodes... start angle 5.497787 and end angle 5.890486
Process 15 is starting with 2020 nodes... start angle 5.890486 and end angle 6.283185
Process: 0, Computation Time: 0.610000, result: 272187.772638
Total Integration Result: 544513.435458
Total Integration Error: 0.001522
Maximum Computation Time: 0.790000

Process: 1, Computation Time: 0.670000, result: -3.444531
Process: 2, Computation Time: 0.660000, result: 2.013222
Process: 3, Computation Time: 0.640000, result: -0.802752
Process: 4, Computation Time: 0.770000, result: 10.805215
Process: 5, Computation Time: 0.660000, result: 25.818962
Process: 6, Computation Time: 0.730000, result: -7.715401
Process: 7, Computation Time: 0.670000, result: 14.465663
Process: 8, Computation Time: 0.790000, result: 94.413088
Process: 9, Computation Time: 0.710000, result: 1.334958
Process: 10, Computation Time: 0.700000, result: 5.742482
Process: 11, Computation Time: 0.710000, result: 11.645493
Process: 12, Computation Time: 0.780000, result: -2.915018
Process: 13, Computation Time: 0.670000, result: -4.924326
Process: 14, Computation Time: 0.680000, result: -7.588608
Process: 15, Computation Time: 0.710000, result: 272186.814373
Wall Time: 0.840000

[t093:453691] 15 more processes have sent help message help-mpi-btl-openib.txt / ib port not selected
[t093:453691] Set MCA parameter "orte_base_help_aggregate" to 0 to see all help / error messages
[t093:453691] 15 more processes have sent help message help-mpi-btl-openib.txt / error in device init
