--------------------------------------------------------------------------
By default, for Open MPI 4.0 and later, infiniband ports on a device
are not used by default.  The intent is to use UCX for these devices.
You can override this policy by setting the btl_openib_allow_ib MCA parameter
to true.

  Local host:              t113
  Local adapter:           mlx5_0
  Local port:              1

--------------------------------------------------------------------------
--------------------------------------------------------------------------
WARNING: There was an error initializing an OpenFabrics device.

  Local host:   t113
  Local device: mlx5_0
--------------------------------------------------------------------------
Number of processes (intervals) = 26
Interval Length: 0.241661
Minimum Radius: 0.989499
Total Number of nodes: 36461
Process 1 is starting with 1515 nodes... start angle 0.241661 and end angle 0.483322
Process 2 is starting with 1515 nodes... start angle 0.483322 and end angle 0.724983
Process 4 is starting with 1515 nodes... start angle 0.966644 and end angle 1.208305
Process 6 is starting with 1515 nodes... start angle 1.449966 and end angle 1.691627
Process 7 is starting with 1515 nodes... start angle 1.691627 and end angle 1.933288
Process 8 is starting with 1515 nodes... start angle 1.933288 and end angle 2.174949
Process 9 is starting with 1515 nodes... start angle 2.174949 and end angle 2.416610
Process 10 is starting with 1515 nodes... start angle 2.416610 and end angle 2.658271
Process 11 is starting with 1515 nodes... start angle 2.658271 and end angle 2.899932
Process 12 is starting with 1515 nodes... start angle 2.899932 and end angle 3.141593
Process 0 is starting with 1515 nodes... start angle 0.000000 and end angle 0.241661
Process 14 is starting with 1515 nodes... start angle 3.383254 and end angle 3.624915
Process 16 is starting with 1515 nodes... start angle 3.866576 and end angle 4.108237
Process 17 is starting with 1515 nodes... start angle 4.108237 and end angle 4.349898
Process 18 is starting with 1515 nodes... start angle 4.349898 and end angle 4.591558
Process 19 is starting with 1515 nodes... start angle 4.591558 and end angle 4.833219
Process 20 is starting with 1515 nodes... start angle 4.833219 and end angle 5.074880
Process 22 is starting with 1515 nodes... start angle 5.316541 and end angle 5.558202
Process 24 is starting with 1515 nodes... start angle 5.799863 and end angle 6.041524
Process 25 is starting with 1515 nodes... start angle 6.041524 and end angle 6.283185
Process 3 is starting with 1515 nodes... start angle 0.724983 and end angle 0.966644
Process 5 is starting with 1515 nodes... start angle 1.208305 and end angle 1.449966
Process 13 is starting with 1515 nodes... start angle 3.141593 and end angle 3.383254
Process 15 is starting with 1515 nodes... start angle 3.624915 and end angle 3.866576
Process 21 is starting with 1515 nodes... start angle 5.074880 and end angle 5.316541
Process 23 is starting with 1515 nodes... start angle 5.558202 and end angle 5.799863
Process: 12, Computation Time: 0.500000, result: 0.520405
Process: 1, Computation Time: 0.420000, result: 3.670960
Process: 0, Computation Time: 0.430000, result: 272170.209958
Total Integration Result: 544359.784488
Total Integration Error: 0.000066
Maximum Computation Time: 0.590000

Process: 2, Computation Time: 0.440000, result: 10.122388
Process: 3, Computation Time: 0.460000, result: -5.407518
Process: 4, Computation Time: 0.450000, result: -0.127915
Process: 6, Computation Time: 0.490000, result: 0.744247
Process: 7, Computation Time: 0.470000, result: 11.532600
Process: 8, Computation Time: 0.460000, result: 119.911883
Process: 9, Computation Time: 0.450000, result: -2.791378
Process: 10, Computation Time: 0.470000, result: 0.583621
Process: 11, Computation Time: 0.480000, result: -10.370384
Process: 5, Computation Time: 0.460000, result: 5.918873
Process: 25, Computation Time: 0.420000, result: 272170.763170
Process: 13, Computation Time: 0.590000, result: -0.674508
Process: 14, Computation Time: 0.490000, result: 15.267936
Process: 16, Computation Time: 0.460000, result: -84.907421
Process: 17, Computation Time: 0.470000, result: -28.840194
Process: 18, Computation Time: 0.530000, result: -1.021659
Process: 19, Computation Time: 0.510000, result: -5.910551
Process: 15, Computation Time: 0.490000, result: 8.532877
Process: 20, Computation Time: 0.530000, result: 9.843498
Process: 21, Computation Time: 0.520000, result: -2.831241
Process: 22, Computation Time: 0.480000, result: -40.973249
Process: 24, Computation Time: 0.470000, result: 15.952223
Process: 23, Computation Time: 0.470000, result: 0.065870
Wall Time: 0.660000

[t113:272251] 25 more processes have sent help message help-mpi-btl-openib.txt / ib port not selected
[t113:272251] Set MCA parameter "orte_base_help_aggregate" to 0 to see all help / error messages
[t113:272251] 25 more processes have sent help message help-mpi-btl-openib.txt / error in device init
