--------------------------------------------------------------------------
By default, for Open MPI 4.0 and later, infiniband ports on a device
are not used by default.  The intent is to use UCX for these devices.
You can override this policy by setting the btl_openib_allow_ib MCA parameter
to true.

  Local host:              t093
  Local adapter:           mlx5_0
  Local port:              1

--------------------------------------------------------------------------
--------------------------------------------------------------------------
WARNING: There was an error initializing an OpenFabrics device.

  Local host:   t093
  Local device: mlx5_0
--------------------------------------------------------------------------
Number of processes (intervals) = 14
Interval Length: 0.448799
Optimal Radius: 0.989499
Process 1 is starting...
Process 2 is starting...
Process 3 is starting...
Process 4 is starting...
Process 5 is starting...
Process 6 is starting...
Process 7 is starting...
Process 8 is starting...
Process 9 is starting...
Process 10 is starting...
Process 11 is starting...
Process 12 is starting...
Process 13 is starting...
Process 0 is starting...
Process: 13, Computation Time: 0.030000
Process 13 used 33 intervals

Process: 1, Computation Time: 0.050000
Process 1 used 63 intervals

Process: 2, Computation Time: 0.050000
Process 2 used 57 intervals

Process: 3, Computation Time: 0.050000
Process 3 used 60 intervals

Process: 4, Computation Time: 0.060000
Process 4 used 64 intervals

Process: 5, Computation Time: 0.070000
Process 5 used 62 intervals

Process: 6, Computation Time: 0.050000
Process 6 used 63 intervals

Process: 7, Computation Time: 0.050000
Process 7 used 63 intervals

Process: 8, Computation Time: 0.050000
Process 8 used 62 intervals

Process: 9, Computation Time: 0.050000
Process 9 used 64 intervals

Process: 10, Computation Time: 0.040000
Process 10 used 60 intervals

Process: 11, Computation Time: 0.050000
Process 11 used 57 intervals

Process: 12, Computation Time: 0.050000
Process 12 used 63 intervals

Process: 0, Computation Time: 0.030000
Process 0 used 33 intervals

Total Integration Result: 544429.000000
Total Integration Error: 0.000049
Maximum Computation Time: 0.070000

Wall Time: 0.130000

[t093:432003] 13 more processes have sent help message help-mpi-btl-openib.txt / ib port not selected
[t093:432003] Set MCA parameter "orte_base_help_aggregate" to 0 to see all help / error messages
[t093:432003] 13 more processes have sent help message help-mpi-btl-openib.txt / error in device init
