--------------------------------------------------------------------------
By default, for Open MPI 4.0 and later, infiniband ports on a device
are not used by default.  The intent is to use UCX for these devices.
You can override this policy by setting the btl_openib_allow_ib MCA parameter
to true.

  Local host:              t128
  Local adapter:           mlx5_0
  Local port:              1

--------------------------------------------------------------------------
--------------------------------------------------------------------------
WARNING: There was an error initializing an OpenFabrics device.

  Local host:   t128
  Local device: mlx5_0
--------------------------------------------------------------------------
Number of processes (intervals) = 6
Interval Length: 1.047198
Optimal Radius: 0.989499
Process 0 is starting...
Process 1 is starting...
Process 2 is starting...
Process 3 is starting...
Process 4 is starting...
Process 5 is starting...
Process: 0, Computation Time: 0.060000
Process 0 used 72 intervals

Total Integration Result: 544429.000000
Total Integration Error: 0.005277
Maximum Computation Time: 0.110000

Process: 1, Computation Time: 0.110000
Process 1 used 127 intervals

Process: 2, Computation Time: 0.110000
Process 2 used 127 intervals

Process: 3, Computation Time: 0.110000
Process 3 used 127 intervals

Process: 4, Computation Time: 0.110000
Process 4 used 127 intervals

Process: 5, Computation Time: 0.070000
Process 5 used 72 intervals

Wall Time: 0.170000

[t128:413202] 5 more processes have sent help message help-mpi-btl-openib.txt / ib port not selected
[t128:413202] Set MCA parameter "orte_base_help_aggregate" to 0 to see all help / error messages
[t128:413202] 5 more processes have sent help message help-mpi-btl-openib.txt / error in device init
--------------------------------------------------------------------------
By default, for Open MPI 4.0 and later, infiniband ports on a device
are not used by default.  The intent is to use UCX for these devices.
You can override this policy by setting the btl_openib_allow_ib MCA parameter
to true.

  Local host:              t128
  Local adapter:           mlx5_0
  Local port:              1

--------------------------------------------------------------------------
--------------------------------------------------------------------------
WARNING: There was an error initializing an OpenFabrics device.

  Local host:   t128
  Local device: mlx5_0
--------------------------------------------------------------------------
Number of processes (intervals) = 6
Interval Length: 1.047198
Optimal Radius: 0.989499
Process 0 is starting...
Process 1 is starting...
Process 2 is starting...
Process 3 is starting...
Process 4 is starting...
Process 5 is starting...
Process: 0, Computation Time: 0.050000
Process 0 used 72 intervals

Total Integration Result: 544429.000000
Total Integration Error: 0.005277
Maximum Computation Time: 0.110000

Process: 1, Computation Time: 0.100000
Process 1 used 127 intervals

Process: 2, Computation Time: 0.110000
Process 2 used 127 intervals

Process: 3, Computation Time: 0.100000
Process 3 used 127 intervals

Process: 4, Computation Time: 0.110000
Process 4 used 127 intervals

Process: 5, Computation Time: 0.060000
Process 5 used 72 intervals

Wall Time: 0.150000

[t128:413283] 5 more processes have sent help message help-mpi-btl-openib.txt / ib port not selected
[t128:413283] Set MCA parameter "orte_base_help_aggregate" to 0 to see all help / error messages
[t128:413283] 5 more processes have sent help message help-mpi-btl-openib.txt / error in device init
