--------------------------------------------------------------------------
By default, for Open MPI 4.0 and later, infiniband ports on a device
are not used by default.  The intent is to use UCX for these devices.
You can override this policy by setting the btl_openib_allow_ib MCA parameter
to true.

  Local host:              t106
  Local adapter:           mlx5_0
  Local port:              1

--------------------------------------------------------------------------
--------------------------------------------------------------------------
WARNING: There was an error initializing an OpenFabrics device.

  Local host:   t106
  Local device: mlx5_0
--------------------------------------------------------------------------
Number of processes (intervals) = 3
Interval Length: 2.094395
Optimal Radius: 0.989499
Process 0 is starting...
Process 1 is starting...
Process 2 is starting...
Process: 0, Computation Time: 0.130000
Process 0 used 170 intervals

Total Integration Result: 544429.000000
Total Integration Error: 0.005408
Maximum Computation Time: 0.200000

Process: 1, Computation Time: 0.200000
Process 1 used 254 intervals

Process: 2, Computation Time: 0.140000
Process 2 used 170 intervals

Wall Time: 0.240000

[t106:356990] 2 more processes have sent help message help-mpi-btl-openib.txt / ib port not selected
[t106:356990] Set MCA parameter "orte_base_help_aggregate" to 0 to see all help / error messages
[t106:356990] 2 more processes have sent help message help-mpi-btl-openib.txt / error in device init
--------------------------------------------------------------------------
By default, for Open MPI 4.0 and later, infiniband ports on a device
are not used by default.  The intent is to use UCX for these devices.
You can override this policy by setting the btl_openib_allow_ib MCA parameter
to true.

  Local host:              t106
  Local adapter:           mlx5_0
  Local port:              1

--------------------------------------------------------------------------
--------------------------------------------------------------------------
WARNING: There was an error initializing an OpenFabrics device.

  Local host:   t106
  Local device: mlx5_0
--------------------------------------------------------------------------
Number of processes (intervals) = 3
Interval Length: 2.094395
Optimal Radius: 0.989499
Process 0 is starting...
Process 1 is starting...
Process 2 is starting...
Process: 0, Computation Time: 0.140000
Process 0 used 170 intervals

Total Integration Result: 544429.000000
Total Integration Error: 0.005408
Maximum Computation Time: 0.190000

Process: 1, Computation Time: 0.190000
Process 1 used 254 intervals

Process: 2, Computation Time: 0.140000
Process 2 used 170 intervals

Wall Time: 0.230000

[t106:357078] 2 more processes have sent help message help-mpi-btl-openib.txt / ib port not selected
[t106:357078] Set MCA parameter "orte_base_help_aggregate" to 0 to see all help / error messages
[t106:357078] 2 more processes have sent help message help-mpi-btl-openib.txt / error in device init
