--------------------------------------------------------------------------
By default, for Open MPI 4.0 and later, infiniband ports on a device
are not used by default.  The intent is to use UCX for these devices.
You can override this policy by setting the btl_openib_allow_ib MCA parameter
to true.

  Local host:              t106
  Local adapter:           mlx5_0
  Local port:              1

--------------------------------------------------------------------------
--------------------------------------------------------------------------
WARNING: There was an error initializing an OpenFabrics device.

  Local host:   t106
  Local device: mlx5_0
--------------------------------------------------------------------------
Number of processes (intervals) = 3
Interval Length: 2.094395
Minimum Radius: 0.989499
Total Number of nodes: 36461
Process 0 is starting with 12322 nodes... start angle 0.000000 and end angle 2.094395
Process 1 is starting with 12322 nodes... start angle 2.094395 and end angle 4.188790
Process 2 is starting with 12322 nodes... start angle 4.188790 and end angle 6.283185
Process: 0, Computation Time: 4.060000, result: 272193.076028
Total Integration Result: 544402.802115
Total Integration Error: 0.000071
Maximum Computation Time: 4.060000

Process: 1, Computation Time: 3.410000, result: 27.668268
Process: 2, Computation Time: 3.360000, result: 272182.057820
Wall Time: 4.110000

[t106:371861] 2 more processes have sent help message help-mpi-btl-openib.txt / ib port not selected
[t106:371861] Set MCA parameter "orte_base_help_aggregate" to 0 to see all help / error messages
[t106:371861] 2 more processes have sent help message help-mpi-btl-openib.txt / error in device init
