--------------------------------------------------------------------------
By default, for Open MPI 4.0 and later, infiniband ports on a device
are not used by default.  The intent is to use UCX for these devices.
You can override this policy by setting the btl_openib_allow_ib MCA parameter
to true.

  Local host:              t106
  Local adapter:           mlx5_0
  Local port:              1

--------------------------------------------------------------------------
--------------------------------------------------------------------------
WARNING: There was an error initializing an OpenFabrics device.

  Local host:   t106
  Local device: mlx5_0
--------------------------------------------------------------------------
Number of processes (intervals) = 5
Interval Length: 1.256637
Optimal Radius: 0.989499
Process 0 is starting...
Process 1 is starting...
Process 2 is starting...
Process 3 is starting...
Process 4 is starting...
Process: 0, Computation Time: 0.090000
Process 0 used 121 intervals

Total Integration Result: 544429.000000
Total Integration Error: 0.005263
Maximum Computation Time: 0.100000

Process: 1, Computation Time: 0.090000
Process 1 used 128 intervals

Process: 2, Computation Time: 0.100000
Process 2 used 128 intervals

Process: 3, Computation Time: 0.100000
Process 3 used 128 intervals

Process: 4, Computation Time: 0.090000
Process 4 used 121 intervals

Wall Time: 0.140000

[t106:356987] 4 more processes have sent help message help-mpi-btl-openib.txt / ib port not selected
[t106:356987] Set MCA parameter "orte_base_help_aggregate" to 0 to see all help / error messages
[t106:356987] 4 more processes have sent help message help-mpi-btl-openib.txt / error in device init
--------------------------------------------------------------------------
By default, for Open MPI 4.0 and later, infiniband ports on a device
are not used by default.  The intent is to use UCX for these devices.
You can override this policy by setting the btl_openib_allow_ib MCA parameter
to true.

  Local host:              t106
  Local adapter:           mlx5_0
  Local port:              1

--------------------------------------------------------------------------
--------------------------------------------------------------------------
WARNING: There was an error initializing an OpenFabrics device.

  Local host:   t106
  Local device: mlx5_0
--------------------------------------------------------------------------
Number of processes (intervals) = 5
Interval Length: 1.256637
Optimal Radius: 0.989499
Process 0 is starting...
Process 1 is starting...
Process 2 is starting...
Process 3 is starting...
Process 4 is starting...
Process: 0, Computation Time: 0.090000
Process 0 used 121 intervals

Total Integration Result: 544429.000000
Total Integration Error: 0.005263
Maximum Computation Time: 0.120000

Process: 1, Computation Time: 0.100000
Process 1 used 128 intervals

Process: 2, Computation Time: 0.110000
Process 2 used 128 intervals

Process: 3, Computation Time: 0.120000
Process 3 used 128 intervals

Process: 4, Computation Time: 0.090000
Process 4 used 121 intervals

Wall Time: 0.140000

[t106:357043] 4 more processes have sent help message help-mpi-btl-openib.txt / ib port not selected
[t106:357043] Set MCA parameter "orte_base_help_aggregate" to 0 to see all help / error messages
[t106:357043] 4 more processes have sent help message help-mpi-btl-openib.txt / error in device init
