--------------------------------------------------------------------------
By default, for Open MPI 4.0 and later, infiniband ports on a device
are not used by default.  The intent is to use UCX for these devices.
You can override this policy by setting the btl_openib_allow_ib MCA parameter
to true.

  Local host:              t100
  Local adapter:           mlx5_0
  Local port:              1

--------------------------------------------------------------------------
--------------------------------------------------------------------------
WARNING: There was an error initializing an OpenFabrics device.

  Local host:   t100
  Local device: mlx5_0
--------------------------------------------------------------------------
Number of processes (intervals) = 2
Interval Length: 3.141593
Optimal Radius: 0.989499
Process 0 is starting...
Process 1 is starting...
Process: 0, Computation Time: 0.200000
Process 0 used 257 intervals

Total Integration Result: 544429.000000
Total Integration Error: 0.000008
Maximum Computation Time: 0.210000

Process: 1, Computation Time: 0.210000
Process 1 used 257 intervals

Wall Time: 0.240000

[t100:308415] 1 more process has sent help message help-mpi-btl-openib.txt / ib port not selected
[t100:308415] Set MCA parameter "orte_base_help_aggregate" to 0 to see all help / error messages
[t100:308415] 1 more process has sent help message help-mpi-btl-openib.txt / error in device init
--------------------------------------------------------------------------
By default, for Open MPI 4.0 and later, infiniband ports on a device
are not used by default.  The intent is to use UCX for these devices.
You can override this policy by setting the btl_openib_allow_ib MCA parameter
to true.

  Local host:              t100
  Local adapter:           mlx5_0
  Local port:              1

--------------------------------------------------------------------------
--------------------------------------------------------------------------
WARNING: There was an error initializing an OpenFabrics device.

  Local host:   t100
  Local device: mlx5_0
--------------------------------------------------------------------------
Number of processes (intervals) = 2
Interval Length: 3.141593
Optimal Radius: 0.989499
Process 0 is starting...
Process 1 is starting...
Process: 0, Computation Time: 0.200000
Process 0 used 257 intervals

Total Integration Result: 544429.000000
Total Integration Error: 0.000008
Maximum Computation Time: 0.200000

Process: 1, Computation Time: 0.200000
Process 1 used 257 intervals

Wall Time: 0.230000

[t100:308487] 1 more process has sent help message help-mpi-btl-openib.txt / ib port not selected
[t100:308487] Set MCA parameter "orte_base_help_aggregate" to 0 to see all help / error messages
[t100:308487] 1 more process has sent help message help-mpi-btl-openib.txt / error in device init
