--------------------------------------------------------------------------
By default, for Open MPI 4.0 and later, infiniband ports on a device
are not used by default.  The intent is to use UCX for these devices.
You can override this policy by setting the btl_openib_allow_ib MCA parameter
to true.

  Local host:              t039
  Local adapter:           mlx5_0
  Local port:              1

--------------------------------------------------------------------------
--------------------------------------------------------------------------
WARNING: There was an error initializing an OpenFabrics device.

  Local host:   t039
  Local device: mlx5_0
--------------------------------------------------------------------------
Number of processes (intervals) = 36
Interval Length: 0.174533
Minimum Radius: 0.989499
Total Number of nodes: 36461
Process 1 is starting with 1212 nodes... start angle 0.174533 and end angle 0.349066
Process 3 is starting with 1212 nodes... start angle 0.523599 and end angle 0.698132
Process 4 is starting with 1212 nodes... start angle 0.698132 and end angle 0.872665
Process 5 is starting with 1212 nodes... start angle 0.872665 and end angle 1.047198
Process 6 is starting with 1212 nodes... start angle 1.047198 and end angle 1.221730
Process 7 is starting with 1212 nodes... start angle 1.221730 and end angle 1.396263
Process 8 is starting with 1212 nodes... start angle 1.396263 and end angle 1.570796
Process 9 is starting with 1212 nodes... start angle 1.570796 and end angle 1.745329
Process 10 is starting with 1212 nodes... start angle 1.745329 and end angle 1.919862
Process 11 is starting with 1212 nodes... start angle 1.919862 and end angle 2.094395
Process 12 is starting with 1212 nodes... start angle 2.094395 and end angle 2.268928
Process 13 is starting with 1212 nodes... start angle 2.268928 and end angle 2.443461
Process 14 is starting with 1212 nodes... start angle 2.443461 and end angle 2.617994
Process 15 is starting with 1212 nodes... start angle 2.617994 and end angle 2.792527
Process 16 is starting with 1212 nodes... start angle 2.792527 and end angle 2.967060
Process 17 is starting with 1212 nodes... start angle 2.967060 and end angle 3.141593
Process 0 is starting with 1212 nodes... start angle 0.000000 and end angle 0.174533
Process 2 is starting with 1212 nodes... start angle 0.349066 and end angle 0.523599
Process 19 is starting with 1212 nodes... start angle 3.316126 and end angle 3.490659
Process 20 is starting with 1212 nodes... start angle 3.490659 and end angle 3.665191
Process 21 is starting with 1212 nodes... start angle 3.665191 and end angle 3.839724
Process 23 is starting with 1212 nodes... start angle 4.014257 and end angle 4.188790
Process 24 is starting with 1212 nodes... start angle 4.188790 and end angle 4.363323
Process 25 is starting with 1212 nodes... start angle 4.363323 and end angle 4.537856
Process 27 is starting with 1212 nodes... start angle 4.712389 and end angle 4.886922
Process 28 is starting with 1212 nodes... start angle 4.886922 and end angle 5.061455
Process 29 is starting with 1212 nodes... start angle 5.061455 and end angle 5.235988
Process 31 is starting with 1212 nodes... start angle 5.410521 and end angle 5.585054
Process 32 is starting with 1212 nodes... start angle 5.585054 and end angle 5.759587
Process 33 is starting with 1212 nodes... start angle 5.759587 and end angle 5.934119
Process 35 is starting with 1212 nodes... start angle 6.108652 and end angle 6.283185
Process 18 is starting with 1212 nodes... start angle 3.141593 and end angle 3.316126
Process 22 is starting with 1212 nodes... start angle 3.839724 and end angle 4.014257
Process 26 is starting with 1212 nodes... start angle 4.537856 and end angle 4.712389
Process 30 is starting with 1212 nodes... start angle 5.235988 and end angle 5.410521
Process 34 is starting with 1212 nodes... start angle 5.934119 and end angle 6.108652
Process: 17, Computation Time: 0.470000, result: -0.748838
Process: 0, Computation Time: 0.350000, result: 272135.343858
Total Integration Result: 543749.523401
Total Integration Error: 0.000002
Maximum Computation Time: 0.540000

Process: 1, Computation Time: 0.370000, result: 10.808070
Process: 3, Computation Time: 0.390000, result: -109.319746
Process: 4, Computation Time: 0.390000, result: 110.556498
Process: 5, Computation Time: 0.420000, result: -6.738200
Process: 6, Computation Time: 0.360000, result: -5.298699
Process: 7, Computation Time: 0.400000, result: 41.555870
Process: 8, Computation Time: 0.390000, result: 3.356548
Process: 9, Computation Time: 0.510000, result: 77.627434
Process: 10, Computation Time: 0.420000, result: 17.295434
Process: 11, Computation Time: 0.410000, result: -21.169835
Process: 12, Computation Time: 0.420000, result: 8.578797
Process: 13, Computation Time: 0.400000, result: -3.451871
Process: 14, Computation Time: 0.410000, result: -52.141542
Process: 15, Computation Time: 0.400000, result: -363.750491
Process: 16, Computation Time: 0.430000, result: -9.341918
Process: 2, Computation Time: 0.430000, result: 4.391577
Process: 35, Computation Time: 0.430000, result: 272149.639534
Process: 19, Computation Time: 0.410000, result: -147.570629
Process: 20, Computation Time: 0.460000, result: 40.212335
Process: 18, Computation Time: 0.510000, result: 4.768003
Process: 21, Computation Time: 0.420000, result: -2.003715
Process: 23, Computation Time: 0.430000, result: 31.763842
Process: 24, Computation Time: 0.370000, result: -12.757186
Process: 22, Computation Time: 0.430000, result: -5.875419
Process: 25, Computation Time: 0.390000, result: -89.816267
Process: 27, Computation Time: 0.540000, result: -33.157285
Process: 28, Computation Time: 0.390000, result: 8.570854
Process: 26, Computation Time: 0.420000, result: 3.155838
Process: 29, Computation Time: 0.380000, result: 5.229351
Process: 31, Computation Time: 0.410000, result: 34.911337
Process: 32, Computation Time: 0.380000, result: 1.928979
Process: 30, Computation Time: 0.410000, result: -98.578315
Process: 33, Computation Time: 0.400000, result: -0.572899
Process: 34, Computation Time: 0.420000, result: 22.122096
Wall Time: 0.620000

[t038:380407] 35 more processes have sent help message help-mpi-btl-openib.txt / ib port not selected
[t038:380407] Set MCA parameter "orte_base_help_aggregate" to 0 to see all help / error messages
[t038:380407] 35 more processes have sent help message help-mpi-btl-openib.txt / error in device init
