--------------------------------------------------------------------------
By default, for Open MPI 4.0 and later, infiniband ports on a device
are not used by default.  The intent is to use UCX for these devices.
You can override this policy by setting the btl_openib_allow_ib MCA parameter
to true.

  Local host:              t103
  Local adapter:           mlx5_0
  Local port:              1

--------------------------------------------------------------------------
--------------------------------------------------------------------------
WARNING: There was an error initializing an OpenFabrics device.

  Local host:   t103
  Local device: mlx5_0
--------------------------------------------------------------------------
Number of processes (intervals) = 30
Interval Length: 0.209440
Minimum Radius: 0.989499
Total Number of nodes: 36461
Process 8 is starting with 1414 nodes... start angle 1.675516 and end angle 1.884956
Process 0 is starting with 1414 nodes... start angle 0.000000 and end angle 0.209440
Process 16 is starting with 1414 nodes... start angle 3.351032 and end angle 3.560472
Process 1 is starting with 1414 nodes... start angle 0.209440 and end angle 0.418879
Process 2 is starting with 1414 nodes... start angle 0.418879 and end angle 0.628319
Process 3 is starting with 1414 nodes... start angle 0.628319 and end angle 0.837758
Process 4 is starting with 1414 nodes... start angle 0.837758 and end angle 1.047198
Process 7 is starting with 1414 nodes... start angle 1.466077 and end angle 1.675516
Process 9 is starting with 1414 nodes... start angle 1.884956 and end angle 2.094395
Process 10 is starting with 1414 nodes... start angle 2.094395 and end angle 2.303835
Process 11 is starting with 1414 nodes... start angle 2.303835 and end angle 2.513274
Process 12 is starting with 1414 nodes... start angle 2.513274 and end angle 2.722714
Process 15 is starting with 1414 nodes... start angle 3.141593 and end angle 3.351032
Process 17 is starting with 1414 nodes... start angle 3.560472 and end angle 3.769911
Process 18 is starting with 1414 nodes... start angle 3.769911 and end angle 3.979351
Process 19 is starting with 1414 nodes... start angle 3.979351 and end angle 4.188790
Process 20 is starting with 1414 nodes... start angle 4.188790 and end angle 4.398230
Process 21 is starting with 1414 nodes... start angle 4.398230 and end angle 4.607669
Process 22 is starting with 1414 nodes... start angle 4.607669 and end angle 4.817109
Process 23 is starting with 1414 nodes... start angle 4.817109 and end angle 5.026548
Process 24 is starting with 1414 nodes... start angle 5.026548 and end angle 5.235988
Process 25 is starting with 1414 nodes... start angle 5.235988 and end angle 5.445427
Process 26 is starting with 1414 nodes... start angle 5.445427 and end angle 5.654867
Process 27 is starting with 1414 nodes... start angle 5.654867 and end angle 5.864306
Process 28 is starting with 1414 nodes... start angle 5.864306 and end angle 6.073746
Process 29 is starting with 1414 nodes... start angle 6.073746 and end angle 6.283185
Process 5 is starting with 1414 nodes... start angle 1.047198 and end angle 1.256637
Process 6 is starting with 1414 nodes... start angle 1.256637 and end angle 1.466077
Process 13 is starting with 1414 nodes... start angle 2.722714 and end angle 2.932153
Process 14 is starting with 1414 nodes... start angle 2.932153 and end angle 3.141593
Process: 0, Computation Time: 0.400000, result: 272139.963131
Total Integration Result: 544404.215441
Total Integration Error: 0.000005
Maximum Computation Time: 0.570000

Process: 1, Computation Time: 0.440000, result: 3.778963
Process: 2, Computation Time: 0.410000, result: -21.855625
Process: 3, Computation Time: 0.420000, result: -16.963544
Process: 12, Computation Time: 0.480000, result: 4.599681
Process: 5, Computation Time: 0.410000, result: 0.072506
Process: 4, Computation Time: 0.460000, result: -8.386337
Process: 8, Computation Time: 0.440000, result: -7.492547
Process: 7, Computation Time: 0.410000, result: 3.469413
Process: 9, Computation Time: 0.440000, result: -15.909372
Process: 10, Computation Time: 0.440000, result: 2.217036
Process: 11, Computation Time: 0.420000, result: 6.233881
Process: 6, Computation Time: 0.470000, result: 30.025341
Process: 13, Computation Time: 0.450000, result: 20.571506
Process: 14, Computation Time: 0.460000, result: -0.530980
Process: 16, Computation Time: 0.480000, result: 10.492534
Process: 15, Computation Time: 0.570000, result: -8.862500
Process: 17, Computation Time: 0.490000, result: -1.987828
Process: 18, Computation Time: 0.470000, result: -1.728258
Process: 19, Computation Time: 0.490000, result: 33.549171
Process: 20, Computation Time: 0.500000, result: 12.017762
Process: 21, Computation Time: 0.500000, result: 1.328352
Process: 22, Computation Time: 0.460000, result: -20.624358
Process: 23, Computation Time: 0.460000, result: 1.180700
Process: 24, Computation Time: 0.470000, result: 4.305532
Process: 25, Computation Time: 0.450000, result: -1.408474
Process: 26, Computation Time: 0.470000, result: 53.034018
Process: 27, Computation Time: 0.430000, result: 22.436766
Process: 28, Computation Time: 0.480000, result: 12.134039
Process: 29, Computation Time: 0.460000, result: 272148.554932
Wall Time: 0.630000

[t103:51129] 29 more processes have sent help message help-mpi-btl-openib.txt / ib port not selected
[t103:51129] Set MCA parameter "orte_base_help_aggregate" to 0 to see all help / error messages
[t103:51129] 29 more processes have sent help message help-mpi-btl-openib.txt / error in device init
