--------------------------------------------------------------------------
By default, for Open MPI 4.0 and later, infiniband ports on a device
are not used by default.  The intent is to use UCX for these devices.
You can override this policy by setting the btl_openib_allow_ib MCA parameter
to true.

  Local host:              t100
  Local adapter:           mlx5_0
  Local port:              1

--------------------------------------------------------------------------
--------------------------------------------------------------------------
WARNING: There was an error initializing an OpenFabrics device.

  Local host:   t100
  Local device: mlx5_0
--------------------------------------------------------------------------
[t100:316572] [[47163,0],0] ORTE_ERROR_LOG: Out of resource in file util/show_help.c at line 501
Number of processes (intervals) = 34
Interval Length: 0.184800
Minimum Radius: 0.989499
Total Number of nodes: 36461
Process 1 is starting with 1212 nodes... start angle 0.184800 and end angle 0.369599
Process 2 is starting with 1212 nodes... start angle 0.369599 and end angle 0.554399
Process 8 is starting with 1212 nodes... start angle 1.478397 and end angle 1.663196
Process 9 is starting with 1212 nodes... start angle 1.663196 and end angle 1.847996
Process 10 is starting with 1212 nodes... start angle 1.847996 and end angle 2.032795
Process 11 is starting with 1212 nodes... start angle 2.032795 and end angle 2.217595
Process 12 is starting with 1212 nodes... start angle 2.217595 and end angle 2.402394
Process 13 is starting with 1212 nodes... start angle 2.402394 and end angle 2.587194
Process 14 is starting with 1212 nodes... start angle 2.587194 and end angle 2.771994
Process 15 is starting with 1212 nodes... start angle 2.771994 and end angle 2.956793
Process 16 is starting with 1212 nodes... start angle 2.956793 and end angle 3.141593
Process 0 is starting with 1212 nodes... start angle 0.000000 and end angle 0.184800
Process 3 is starting with 1212 nodes... start angle 0.554399 and end angle 0.739198
Process 4 is starting with 1212 nodes... start angle 0.739198 and end angle 0.923998
Process 5 is starting with 1212 nodes... start angle 0.923998 and end angle 1.108797
Process 6 is starting with 1212 nodes... start angle 1.108797 and end angle 1.293597
Process 7 is starting with 1212 nodes... start angle 1.293597 and end angle 1.478397
Process 17 is starting with 1212 nodes... start angle 3.141593 and end angle 3.326392
Process 18 is starting with 1212 nodes... start angle 3.326392 and end angle 3.511192
Process 26 is starting with 1212 nodes... start angle 4.804789 and end angle 4.989588
Process 27 is starting with 1212 nodes... start angle 4.989588 and end angle 5.174388
Process 28 is starting with 1212 nodes... start angle 5.174388 and end angle 5.359187
Process 24 is starting with 1212 nodes... start angle 4.435190 and end angle 4.619989
Process 25 is starting with 1212 nodes... start angle 4.619989 and end angle 4.804789
Process 29 is starting with 1212 nodes... start angle 5.359187 and end angle 5.543987
Process 30 is starting with 1212 nodes... start angle 5.543987 and end angle 5.728787
Process 31 is starting with 1212 nodes... start angle 5.728787 and end angle 5.913586
Process 32 is starting with 1212 nodes... start angle 5.913586 and end angle 6.098386
Process 33 is starting with 1212 nodes... start angle 6.098386 and end angle 6.283185
Process 19 is starting with 1212 nodes... start angle 3.511192 and end angle 3.695991
Process 20 is starting with 1212 nodes... start angle 3.695991 and end angle 3.880791
Process 21 is starting with 1212 nodes... start angle 3.880791 and end angle 4.065590
Process 22 is starting with 1212 nodes... start angle 4.065590 and end angle 4.250390
Process 23 is starting with 1212 nodes... start angle 4.250390 and end angle 4.435190
[t100:316595] *** Process received signal ***
[t100:316595] Signal: Segmentation fault (11)
[t100:316595] Signal code: Address not mapped (1)
[t100:316595] Failing at address: 0x7b36c8
[t100:316595] [ 0] /lib64/libpthread.so.0(+0xf680)[0x2aaaab957680]
[t100:316595] [ 1] ./sp_main_mpi[0x402ae5]
[t100:316595] [ 2] ./sp_main_mpi[0x401148]
[t100:316595] [ 3] /lib64/libc.so.6(__libc_start_main+0xf5)[0x2aaaabb863d5]
[t100:316595] [ 4] ./sp_main_mpi[0x400ce9]
[t100:316595] *** End of error message ***
[t101:341283] *** Process received signal ***
[t101:341283] Signal: Segmentation fault (11)
[t101:341283] Signal code: Address not mapped (1)
[t101:341283] Failing at address: 0x7b46f8
[t101:341283] [ 0] /lib64/libpthread.so.0(+0xf680)[0x2aaaab957680]
[t101:341283] [ 1] ./sp_main_mpi[0x402ae5]
[t101:341283] [ 2] ./sp_main_mpi[0x401148]
[t101:341283] [ 3] /lib64/libc.so.6(__libc_start_main+0xf5)[0x2aaaabb863d5]
[t101:341283] [ 4] ./sp_main_mpi[0x400ce9]
[t101:341283] *** End of error message ***
--------------------------------------------------------------------------
Primary job  terminated normally, but 1 process returned
a non-zero exit code. Per user-direction, the job has been aborted.
--------------------------------------------------------------------------
--------------------------------------------------------------------------
mpiexec noticed that process rank 25 with PID 341283 on node t101 exited on signal 11 (Segmentation fault).
--------------------------------------------------------------------------
[t100:316572] 33 more processes have sent help message help-mpi-btl-openib.txt / ib port not selected
[t100:316572] Set MCA parameter "orte_base_help_aggregate" to 0 to see all help / error messages
[t100:316572] 32 more processes have sent help message help-mpi-btl-openib.txt / error in device init
