--------------------------------------------------------------------------
By default, for Open MPI 4.0 and later, infiniband ports on a device
are not used by default.  The intent is to use UCX for these devices.
You can override this policy by setting the btl_openib_allow_ib MCA parameter
to true.

  Local host:              t005
  Local adapter:           mlx5_0
  Local port:              1

--------------------------------------------------------------------------
--------------------------------------------------------------------------
WARNING: There was an error initializing an OpenFabrics device.

  Local host:   t005
  Local device: mlx5_0
--------------------------------------------------------------------------
Number of processes (intervals) = 11
Interval Length: 0.571199
Minimum Radius: 0.989499
Total Number of nodes: 36461
Process 0 is starting with 3434 nodes... start angle 0.000000 and end angle 0.571199
Process 1 is starting with 3434 nodes... start angle 0.571199 and end angle 1.142397
Process 4 is starting with 3434 nodes... start angle 2.284795 and end angle 2.855993
Process 5 is starting with 3434 nodes... start angle 2.855993 and end angle 3.427192
Process 7 is starting with 3434 nodes... start angle 3.998391 and end angle 4.569589
Process 8 is starting with 3434 nodes... start angle 4.569589 and end angle 5.140788
Process 9 is starting with 3434 nodes... start angle 5.140788 and end angle 5.711987
Process 2 is starting with 3434 nodes... start angle 1.142397 and end angle 1.713596
Process 3 is starting with 3434 nodes... start angle 1.713596 and end angle 2.284795
Process 6 is starting with 3434 nodes... start angle 3.427192 and end angle 3.998391
Process 10 is starting with 3434 nodes... start angle 5.711987 and end angle 6.283185
Process: 0, Computation Time: 1.650000, result: 272177.312565
Total Integration Result: 544403.408231
Total Integration Error: 0.000072
Maximum Computation Time: 2.010000

Process: 9, Computation Time: 1.820000, result: 3.342576
Process: 2, Computation Time: 1.790000, result: 9.245741
Process: 1, Computation Time: 1.730000, result: -9.456110
Process: 4, Computation Time: 1.900000, result: 17.568193
Process: 3, Computation Time: 1.900000, result: 7.533172
Process: 5, Computation Time: 2.010000, result: -14.411167
Process: 7, Computation Time: 1.890000, result: 9.100657
Process: 8, Computation Time: 1.790000, result: 4.974291
Process: 6, Computation Time: 1.970000, result: 16.179831
Process: 10, Computation Time: 1.910000, result: 272182.018481
Wall Time: 2.060000

[t005:06447] 10 more processes have sent help message help-mpi-btl-openib.txt / ib port not selected
[t005:06447] Set MCA parameter "orte_base_help_aggregate" to 0 to see all help / error messages
[t005:06447] 10 more processes have sent help message help-mpi-btl-openib.txt / error in device init
