--------------------------------------------------------------------------
By default, for Open MPI 4.0 and later, infiniband ports on a device
are not used by default.  The intent is to use UCX for these devices.
You can override this policy by setting the btl_openib_allow_ib MCA parameter
to true.

  Local host:              t113
  Local adapter:           mlx5_0
  Local port:              1

--------------------------------------------------------------------------
--------------------------------------------------------------------------
WARNING: There was an error initializing an OpenFabrics device.

  Local host:   t113
  Local device: mlx5_0
--------------------------------------------------------------------------
Number of processes (intervals) = 15
Interval Length: 0.418879
Minimum Radius: 0.989499
Total Number of nodes: 36461
Process 0 is starting with 2626 nodes... start angle 0.000000 and end angle 0.418879
Process 1 is starting with 2626 nodes... start angle 0.418879 and end angle 0.837758
Process 2 is starting with 2626 nodes... start angle 0.837758 and end angle 1.256637
Process 3 is starting with 2626 nodes... start angle 1.256637 and end angle 1.675516
Process 4 is starting with 2626 nodes... start angle 1.675516 and end angle 2.094395
Process 5 is starting with 2626 nodes... start angle 2.094395 and end angle 2.513274
Process 6 is starting with 2626 nodes... start angle 2.513274 and end angle 2.932153
Process 7 is starting with 2626 nodes... start angle 2.932153 and end angle 3.351032
Process 8 is starting with 2626 nodes... start angle 3.351032 and end angle 3.769911
Process 9 is starting with 2626 nodes... start angle 3.769911 and end angle 4.188790
Process 10 is starting with 2626 nodes... start angle 4.188790 and end angle 4.607669
Process 11 is starting with 2626 nodes... start angle 4.607669 and end angle 5.026548
Process 12 is starting with 2626 nodes... start angle 5.026548 and end angle 5.445427
Process 13 is starting with 2626 nodes... start angle 5.445427 and end angle 5.864306
Process 14 is starting with 2626 nodes... start angle 5.864306 and end angle 6.283185
Process: 0, Computation Time: 0.730000, result: 272162.488237
Total Integration Result: 544416.285384
Total Integration Error: 0.000025
Maximum Computation Time: 0.820000

Process: 1, Computation Time: 0.720000, result: -7.195402
Process: 2, Computation Time: 0.750000, result: -4.223638
Process: 3, Computation Time: 0.740000, result: 6.342925
Process: 4, Computation Time: 0.770000, result: 0.381650
Process: 5, Computation Time: 0.780000, result: 8.104716
Process: 6, Computation Time: 0.820000, result: 20.762827
Process: 7, Computation Time: 0.790000, result: -9.955759
Process: 8, Computation Time: 0.810000, result: 9.756669
Process: 9, Computation Time: 0.820000, result: 34.048704
Process: 10, Computation Time: 0.820000, result: 4.227600
Process: 11, Computation Time: 0.770000, result: 7.224684
Process: 12, Computation Time: 0.800000, result: -4.830622
Process: 13, Computation Time: 0.780000, result: 25.027646
Process: 14, Computation Time: 0.810000, result: 272164.125147
Wall Time: 0.870000

[t113:271667] 14 more processes have sent help message help-mpi-btl-openib.txt / ib port not selected
[t113:271667] Set MCA parameter "orte_base_help_aggregate" to 0 to see all help / error messages
[t113:271667] 14 more processes have sent help message help-mpi-btl-openib.txt / error in device init
