--------------------------------------------------------------------------
By default, for Open MPI 4.0 and later, infiniband ports on a device
are not used by default.  The intent is to use UCX for these devices.
You can override this policy by setting the btl_openib_allow_ib MCA parameter
to true.

  Local host:              t103
  Local adapter:           mlx5_0
  Local port:              1

--------------------------------------------------------------------------
--------------------------------------------------------------------------
WARNING: There was an error initializing an OpenFabrics device.

  Local host:   t103
  Local device: mlx5_0
--------------------------------------------------------------------------
Number of processes (intervals) = 4
Interval Length: 1.570796
Minimum Radius: 0.989499
Total Number of nodes: 36461
Process 0 is starting with 9292 nodes... start angle 0.000000 and end angle 1.570796
Process 1 is starting with 9292 nodes... start angle 1.570796 and end angle 3.141593
Process 2 is starting with 9292 nodes... start angle 3.141593 and end angle 4.712389
Process 3 is starting with 9292 nodes... start angle 4.712389 and end angle 6.283185
Process: 0, Computation Time: 2.960000, result: 272182.529721
Total Integration Result: 544391.215997
Total Integration Error: 0.000066
Maximum Computation Time: 3.230000

Process: 1, Computation Time: 3.170000, result: 23.008374
Process: 2, Computation Time: 2.900000, result: 5.859810
Process: 3, Computation Time: 3.230000, result: 272179.818092
Wall Time: 3.260000

[t103:50544] 3 more processes have sent help message help-mpi-btl-openib.txt / ib port not selected
[t103:50544] Set MCA parameter "orte_base_help_aggregate" to 0 to see all help / error messages
[t103:50544] 3 more processes have sent help message help-mpi-btl-openib.txt / error in device init
