--------------------------------------------------------------------------
By default, for Open MPI 4.0 and later, infiniband ports on a device
are not used by default.  The intent is to use UCX for these devices.
You can override this policy by setting the btl_openib_allow_ib MCA parameter
to true.

  Local host:              t106
  Local adapter:           mlx5_0
  Local port:              1

--------------------------------------------------------------------------
--------------------------------------------------------------------------
WARNING: There was an error initializing an OpenFabrics device.

  Local host:   t106
  Local device: mlx5_0
--------------------------------------------------------------------------
Number of processes (intervals) = 5
Interval Length: 1.256637
Minimum Radius: 0.989499
Total Number of nodes: 36461
Process 0 is starting with 7474 nodes... start angle 0.000000 and end angle 1.256637
Process 1 is starting with 7474 nodes... start angle 1.256637 and end angle 2.513274
Process 2 is starting with 7474 nodes... start angle 2.513274 and end angle 3.769911
Process 3 is starting with 7474 nodes... start angle 3.769911 and end angle 5.026548
Process 4 is starting with 7474 nodes... start angle 5.026548 and end angle 6.283185
Process: 0, Computation Time: 2.200000, result: 272172.220053
Total Integration Result: 544401.400260
Total Integration Error: 0.000061
Maximum Computation Time: 2.430000

Process: 1, Computation Time: 2.310000, result: 15.849238
Process: 2, Computation Time: 2.430000, result: 22.105602
Process: 3, Computation Time: 2.430000, result: 16.365515
Process: 4, Computation Time: 2.340000, result: 272174.859853
Wall Time: 2.480000

[t106:371859] 4 more processes have sent help message help-mpi-btl-openib.txt / ib port not selected
[t106:371859] Set MCA parameter "orte_base_help_aggregate" to 0 to see all help / error messages
[t106:371859] 4 more processes have sent help message help-mpi-btl-openib.txt / error in device init
